Determining if the pthread_create exist failed with the following output:
Change Dir: /home/robolab/Bachlorarbeit_FG/Thesis/programm/build/CMakeFiles/CMakeTmp

Run Build Command:"/usr/bin/make" "cmTC_03562/fast"
/usr/bin/make -f CMakeFiles/cmTC_03562.dir/build.make CMakeFiles/cmTC_03562.dir/build
make[1]: Verzeichnis „/home/robolab/Bachlorarbeit_FG/Thesis/programm/build/CMakeFiles/CMakeTmp“ wird betreten
Building C object CMakeFiles/cmTC_03562.dir/CheckSymbolExists.c.o
/usr/bin/cc     -o CMakeFiles/cmTC_03562.dir/CheckSymbolExists.c.o   -c /home/robolab/Bachlorarbeit_FG/Thesis/programm/build/CMakeFiles/CMakeTmp/CheckSymbolExists.c
Linking C executable cmTC_03562
/usr/bin/cmake -E cmake_link_script CMakeFiles/cmTC_03562.dir/link.txt --verbose=1
/usr/bin/cc       CMakeFiles/cmTC_03562.dir/CheckSymbolExists.c.o  -o cmTC_03562 -rdynamic 
CMakeFiles/cmTC_03562.dir/CheckSymbolExists.c.o: In Funktion `main':
CheckSymbolExists.c:(.text+0x16): Nicht definierter Verweis auf `pthread_create'
collect2: error: ld returned 1 exit status
CMakeFiles/cmTC_03562.dir/build.make:97: die Regel für Ziel „cmTC_03562“ scheiterte
make[1]: *** [cmTC_03562] Fehler 1
make[1]: Verzeichnis „/home/robolab/Bachlorarbeit_FG/Thesis/programm/build/CMakeFiles/CMakeTmp“ wird verlassen
Makefile:126: die Regel für Ziel „cmTC_03562/fast“ scheiterte
make: *** [cmTC_03562/fast] Fehler 2

File /home/robolab/Bachlorarbeit_FG/Thesis/programm/build/CMakeFiles/CMakeTmp/CheckSymbolExists.c:
/* */
#include <pthread.h>

int main(int argc, char** argv)
{
  (void)argv;
#ifndef pthread_create
  return ((int*)(&pthread_create))[argc];
#else
  (void)argc;
  return 0;
#endif
}

Determining if the function pthread_create exists in the pthreads failed with the following output:
Change Dir: /home/robolab/Bachlorarbeit_FG/Thesis/programm/build/CMakeFiles/CMakeTmp

Run Build Command:"/usr/bin/make" "cmTC_fa8de/fast"
/usr/bin/make -f CMakeFiles/cmTC_fa8de.dir/build.make CMakeFiles/cmTC_fa8de.dir/build
make[1]: Verzeichnis „/home/robolab/Bachlorarbeit_FG/Thesis/programm/build/CMakeFiles/CMakeTmp“ wird betreten
Building C object CMakeFiles/cmTC_fa8de.dir/CheckFunctionExists.c.o
/usr/bin/cc    -DCHECK_FUNCTION_EXISTS=pthread_create   -o CMakeFiles/cmTC_fa8de.dir/CheckFunctionExists.c.o   -c /usr/share/cmake-3.5/Modules/CheckFunctionExists.c
Linking C executable cmTC_fa8de
/usr/bin/cmake -E cmake_link_script CMakeFiles/cmTC_fa8de.dir/link.txt --verbose=1
/usr/bin/cc   -DCHECK_FUNCTION_EXISTS=pthread_create    CMakeFiles/cmTC_fa8de.dir/CheckFunctionExists.c.o  -o cmTC_fa8de -rdynamic -lpthreads 
/usr/bin/ld: cannot find -lpthreads
collect2: error: ld returned 1 exit status
CMakeFiles/cmTC_fa8de.dir/build.make:97: die Regel für Ziel „cmTC_fa8de“ scheiterte
make[1]: *** [cmTC_fa8de] Fehler 1
make[1]: Verzeichnis „/home/robolab/Bachlorarbeit_FG/Thesis/programm/build/CMakeFiles/CMakeTmp“ wird verlassen
Makefile:126: die Regel für Ziel „cmTC_fa8de/fast“ scheiterte
make: *** [cmTC_fa8de/fast] Fehler 2


